# JRE version: OpenJDK Runtime Environment (8.0_265-b01) (build 1.8.0_265-b01)
# Java VM: OpenJDK 64-Bit Server VM (25.265-b01 mixed mode windows-amd64 compressed oops)
Heap:
 PSYoungGen      total 2718720K, used 1832912K [0x0000000715b80000, 0x00000007bff80000, 0x00000007c0000000)
  eden space 2647552K, 69% used [0x0000000715b80000,0x00000007858e4170,0x00000007b7500000)
  from space 71168K, 0% used [0x00000007b7500000,0x00000007b7590000,0x00000007bba80000)
  to   space 68096K, 0% used [0x00000007bbd00000,0x00000007bbd00000,0x00000007bff80000)
 ParOldGen       total 615936K, used 205028K [0x00000005c1200000, 0x00000005e6b80000, 0x0000000715b80000)
  object space 615936K, 33% used [0x00000005c1200000,0x00000005cda39308,0x00000005e6b80000)
 Metaspace       used 65138K, capacity 68079K, committed 68312K, reserved 1110016K
  class space    used 7550K, capacity 8584K, committed 8664K, reserved 1048576K
GC Heap History (10 events):
Event: 189.357 GC heap before
{Heap before GC invocations=30 (full 2):
 PSYoungGen      total 2718208K, used 69094K [0x0000000715b80000, 0x00000007bff00000, 0x00000007c0000000)
  eden space 2655744K, 2% used [0x0000000715b80000,0x0000000719cbed30,0x00000007b7d00000)
  from space 62464K, 3% used [0x00000007b7d00000,0x00000007b7f3ac90,0x00000007bba00000)
  to   space 58880K, 0% used [0x00000007bc580000,0x00000007bc580000,0x00000007bff00000)
 ParOldGen       total 423424K, used 282512K [0x00000005c1200000, 0x00000005daf80000, 0x0000000715b80000)
  object space 423424K, 66% used [0x00000005c1200000,0x00000005d25e43b0,0x00000005daf80000)
 Metaspace       used 56171K, capacity 58824K, committed 59028K, reserved 1101824K
  class space    used 6634K, capacity 7634K, committed 7640K, reserved 1048576K
Event: 189.359 GC heap after
Heap after GC invocations=30 (full 2):
 PSYoungGen      total 2718720K, used 1194K [0x0000000715b80000, 0x00000007bf680000, 0x00000007c0000000)
  eden space 2668544K, 0% used [0x0000000715b80000,0x0000000715b80000,0x00000007b8980000)
  from space 50176K, 2% used [0x00000007bc580000,0x00000007bc6aab70,0x00000007bf680000)
  to   space 55808K, 0% used [0x00000007b8980000,0x00000007b8980000,0x00000007bc000000)
 ParOldGen       total 423424K, used 283861K [0x00000005c1200000, 0x00000005daf80000, 0x0000000715b80000)
  object space 423424K, 67% used [0x00000005c1200000,0x00000005d2735610,0x00000005daf80000)
 Metaspace       used 56171K, capacity 58824K, committed 59028K, reserved 1101824K
  class space    used 6634K, capacity 7634K, committed 7640K, reserved 1048576K
}
Event: 189.359 GC heap before
{Heap before GC invocations=31 (full 3):
 PSYoungGen      total 2718720K, used 1194K [0x0000000715b80000, 0x00000007bf680000, 0x00000007c0000000)
  eden space 2668544K, 0% used [0x0000000715b80000,0x0000000715b80000,0x00000007b8980000)
  from space 50176K, 2% used [0x00000007bc580000,0x00000007bc6aab70,0x00000007bf680000)
  to   space 55808K, 0% used [0x00000007b8980000,0x00000007b8980000,0x00000007bc000000)
 ParOldGen       total 423424K, used 283861K [0x00000005c1200000, 0x00000005daf80000, 0x0000000715b80000)
  object space 423424K, 67% used [0x00000005c1200000,0x00000005d2735610,0x00000005daf80000)
 Metaspace       used 56171K, capacity 58824K, committed 59028K, reserved 1101824K
  class space    used 6634K, capacity 7634K, committed 7640K, reserved 1048576K
Event: 189.448 GC heap after
Heap after GC invocations=31 (full 3):
 PSYoungGen      total 2718720K, used 0K [0x0000000715b80000, 0x00000007bf680000, 0x00000007c0000000)
  eden space 2668544K, 0% used [0x0000000715b80000,0x0000000715b80000,0x00000007b8980000)
  from space 50176K, 0% used [0x00000007bc580000,0x00000007bc580000,0x00000007bf680000)
  to   space 55808K, 0% used [0x00000007b8980000,0x00000007b8980000,0x00000007bc000000)
 ParOldGen       total 615936K, used 131156K [0x00000005c1200000, 0x00000005e6b80000, 0x0000000715b80000)
  object space 615936K, 21% used [0x00000005c1200000,0x00000005c92150a8,0x00000005e6b80000)
 Metaspace       used 55905K, capacity 58392K, committed 59028K, reserved 1101824K
  class space    used 6615K, capacity 7610K, committed 7640K, reserved 1048576K
}
Event: 266.928 GC heap before
{Heap before GC invocations=32 (full 3):
 PSYoungGen      total 2718720K, used 2668544K [0x0000000715b80000, 0x00000007bf680000, 0x00000007c0000000)
  eden space 2668544K, 100% used [0x0000000715b80000,0x00000007b8980000,0x00000007b8980000)
  from space 50176K, 0% used [0x00000007bc580000,0x00000007bc580000,0x00000007bf680000)
  to   space 55808K, 0% used [0x00000007b8980000,0x00000007b8980000,0x00000007bc000000)
 ParOldGen       total 615936K, used 131156K [0x00000005c1200000, 0x00000005e6b80000, 0x0000000715b80000)
  object space 615936K, 21% used [0x00000005c1200000,0x00000005c92150a8,0x00000005e6b80000)
 Metaspace       used 64382K, capacity 67097K, committed 67544K, reserved 1107968K
  class space    used 7512K, capacity 8527K, committed 8664K, reserved 1048576K
Event: 266.949 GC heap after
Heap after GC invocations=32 (full 3):
 PSYoungGen      total 2724352K, used 55797K [0x0000000715b80000, 0x00000007c0000000, 0x00000007c0000000)
  eden space 2668544K, 0% used [0x0000000715b80000,0x0000000715b80000,0x00000007b8980000)
  from space 55808K, 99% used [0x00000007b8980000,0x00000007bbffd718,0x00000007bc000000)
  to   space 65536K, 0% used [0x00000007bc000000,0x00000007bc000000,0x00000007c0000000)
 ParOldGen       total 615936K, used 148277K [0x00000005c1200000, 0x00000005e6b80000, 0x0000000715b80000)
  object space 615936K, 24% used [0x00000005c1200000,0x00000005ca2cd4d8,0x00000005e6b80000)
 Metaspace       used 64382K, capacity 67097K, committed 67544K, reserved 1107968K
  class space    used 7512K, capacity 8527K, committed 8664K, reserved 1048576K
}
Event: 305.207 GC heap before
{Heap before GC invocations=33 (full 3):
 PSYoungGen      total 2724352K, used 2724341K [0x0000000715b80000, 0x00000007c0000000, 0x00000007c0000000)
  eden space 2668544K, 100% used [0x0000000715b80000,0x00000007b8980000,0x00000007b8980000)
  from space 55808K, 99% used [0x00000007b8980000,0x00000007bbffd718,0x00000007bc000000)
  to   space 65536K, 0% used [0x00000007bc000000,0x00000007bc000000,0x00000007c0000000)
 ParOldGen       total 615936K, used 148277K [0x00000005c1200000, 0x00000005e6b80000, 0x0000000715b80000)
  object space 615936K, 24% used [0x00000005c1200000,0x00000005ca2cd4d8,0x00000005e6b80000)
 Metaspace       used 64499K, capacity 67225K, committed 67544K, reserved 1107968K
  class space    used 7513K, capacity 8527K, committed 8664K, reserved 1048576K
Event: 305.219 GC heap after
Heap after GC invocations=33 (full 3):
 PSYoungGen      total 2713088K, used 672K [0x0000000715b80000, 0x00000007c0000000, 0x00000007c0000000)
  eden space 2647552K, 0% used [0x0000000715b80000,0x0000000715b80000,0x00000007b7500000)
  from space 65536K, 1% used [0x00000007bc000000,0x00000007bc0a8000,0x00000007c0000000)
  to   space 71168K, 0% used [0x00000007b7500000,0x00000007b7500000,0x00000007bba80000)
 ParOldGen       total 615936K, used 204932K [0x00000005c1200000, 0x00000005e6b80000, 0x0000000715b80000)
  object space 615936K, 33% used [0x00000005c1200000,0x00000005cda21308,0x00000005e6b80000)
 Metaspace       used 64499K, capacity 67225K, committed 67544K, reserved 1107968K
  class space    used 7513K, capacity 8527K, committed 8664K, reserved 1048576K
}
Event: 349.638 GC heap before
{Heap before GC invocations=34 (full 3):
 PSYoungGen      total 2713088K, used 2648224K [0x0000000715b80000, 0x00000007c0000000, 0x00000007c0000000)
  eden space 2647552K, 100% used [0x0000000715b80000,0x00000007b7500000,0x00000007b7500000)
  from space 65536K, 1% used [0x00000007bc000000,0x00000007bc0a8000,0x00000007c0000000)
  to   space 71168K, 0% used [0x00000007b7500000,0x00000007b7500000,0x00000007bba80000)
 ParOldGen       total 615936K, used 204932K [0x00000005c1200000, 0x00000005e6b80000, 0x0000000715b80000)
  object space 615936K, 33% used [0x00000005c1200000,0x00000005cda21308,0x00000005e6b80000)
 Metaspace       used 64570K, capacity 67289K, committed 67544K, reserved 1107968K
  class space    used 7513K, capacity 8527K, committed 8664K, reserved 1048576K
Event: 349.641 GC heap after
Heap after GC invocations=34 (full 3):
 PSYoungGen      total 2718720K, used 576K [0x0000000715b80000, 0x00000007bff80000, 0x00000007c0000000)
  eden space 2647552K, 0% used [0x0000000715b80000,0x0000000715b80000,0x00000007b7500000)
  from space 71168K, 0% used [0x00000007b7500000,0x00000007b7590000,0x00000007bba80000)
  to   space 68096K, 0% used [0x00000007bbd00000,0x00000007bbd00000,0x00000007bff80000)
 ParOldGen       total 615936K, used 205028K [0x00000005c1200000, 0x00000005e6b80000, 0x0000000715b80000)
  object space 615936K, 33% used [0x00000005c1200000,0x00000005cda39308,0x00000005e6b80000)
 Metaspace       used 64570K, capacity 67289K, committed 67544K, reserved 1107968K
  class space    used 7513K, capacity 8527K, committed 8664K, reserved 1048576K
}

